<?xml version="1.0" encoding="UTF-8"?>
<!-- Generated by org.testng.reporters.JUnitXMLReporter -->
<testsuite ignored="8" hostname="BOOK-T43CJUDFP3" failures="1" tests="5" name="Test" time="104.199" errors="0" timestamp="2025-06-26T12:44:28 IST">
  <testcase classname="contactsTest.ToCreateContactTest" name="toCreateContact_001" time="13.583">
    <failure type="java.lang.AssertionError" message="null">
      <![CDATA[java.lang.AssertionError: null
at contactsTest.ToCreateContactTest.toCreateContact_001(ToCreateContactTest.java:32)
at java.base/java.util.ArrayList.forEach(ArrayList.java:1597)
... Removed 27 stack frames]]>
    </failure>
  </testcase> <!-- toCreateContact_001 -->
  <testcase classname="organizationTest.ToCreateOrgTest" name="toCreateOrg_002" time="14.495"/>
  <testcase classname="organizationTest.ToCreateOrgWithIndustryTest" name="toCreateOrgWithIndustry_003" time="14.726"/>
  <testcase classname="organizationTest.ToCreateOrgWithIndustryAndTypeTest" name="toCreateOrgWithIndustryAndType_004" time="12.291"/>
  <testcase classname="contactsTest.ToCreateContactWithOrgTest" name="toCreateContactWithOrg_005" time="14.532"/>
  <testcase classname="genericUtility.BaseClass" name="@BeforeSuite beforeSuiteConfig" time="0.0">
    <ignored/>
  </testcase> <!-- @BeforeSuite beforeSuiteConfig -->
  <testcase classname="genericUtility.BaseClass" name="@AfterSuite afterSuiteConfig" time="0.0">
    <ignored/>
  </testcase> <!-- @AfterSuite afterSuiteConfig -->
  <testcase classname="genericUtility.BaseClass" name="@AfterSuite afterSuiteConfig" time="0.0">
    <ignored/>
  </testcase> <!-- @AfterSuite afterSuiteConfig -->
  <testcase classname="genericUtility.BaseClass" name="@BeforeSuite beforeSuiteConfig" time="0.0">
    <ignored/>
  </testcase> <!-- @BeforeSuite beforeSuiteConfig -->
  <testcase classname="genericUtility.BaseClass" name="@BeforeSuite beforeSuiteConfig" time="0.0">
    <ignored/>
  </testcase> <!-- @BeforeSuite beforeSuiteConfig -->
  <testcase classname="genericUtility.BaseClass" name="@BeforeSuite beforeSuiteConfig" time="0.0">
    <ignored/>
  </testcase> <!-- @BeforeSuite beforeSuiteConfig -->
  <testcase classname="genericUtility.BaseClass" name="@AfterSuite afterSuiteConfig" time="0.0">
    <ignored/>
  </testcase> <!-- @AfterSuite afterSuiteConfig -->
  <testcase classname="genericUtility.BaseClass" name="@AfterSuite afterSuiteConfig" time="0.0">
    <ignored/>
  </testcase> <!-- @AfterSuite afterSuiteConfig -->
</testsuite> <!-- Test -->
