<?xml version="1.0" encoding="UTF-8"?>
<!-- Generated by org.testng.reporters.JUnitXMLReporter -->
<testsuite ignored="4" hostname="BOOK-T43CJUDFP3" failures="0" tests="3" name="Test2" time="117.297" errors="0" timestamp="2025-06-26T12:35:31 IST">
  <testcase classname="organizationTest.ToCreateOrgTest" name="toCreateOrg_002" time="14.827"/>
  <testcase classname="organizationTest.ToCreateOrgWithIndustryTest" name="toCreateOrgWithIndustry_003" time="42.187"/>
  <testcase classname="organizationTest.ToCreateOrgWithIndustryAndTypeTest" name="toCreateOrgWithIndustryAndType_004" time="12.06"/>
  <testcase classname="genericUtility.BaseClass" name="@AfterSuite afterSuiteConfig" time="0.0">
    <ignored/>
  </testcase> <!-- @AfterSuite afterSuiteConfig -->
  <testcase classname="genericUtility.BaseClass" name="@BeforeSuite beforeSuiteConfig" time="0.0">
    <ignored/>
  </testcase> <!-- @BeforeSuite beforeSuiteConfig -->
  <testcase classname="genericUtility.BaseClass" name="@AfterSuite afterSuiteConfig" time="0.0">
    <ignored/>
  </testcase> <!-- @AfterSuite afterSuiteConfig -->
  <testcase classname="genericUtility.BaseClass" name="@BeforeSuite beforeSuiteConfig" time="0.0">
    <ignored/>
  </testcase> <!-- @BeforeSuite beforeSuiteConfig -->
</testsuite> <!-- Test2 -->
